DEBUG 2025-10-27 10:41:21.713 UTC: 	 CRAB Client version: v3.250820
DEBUG 2025-10-27 10:41:21.714 UTC: 	 Running on: Linux lxplus9115.cern.ch 5.14.0-570.51.1.el9_6.x86_64 #1 SMP PREEMPT_DYNAMIC Sat Sep 27 01:10:11 EDT 2025 x86_64 x86_64 x86_64 GNU/Linux
DEBUG 2025-10-27 10:41:21.714 UTC: 	 Not using Singularity
DEBUG 2025-10-27 10:41:21.714 UTC: 	 Operating System: Red Hat Enterprise Linux 9.6 (Plow)
DEBUG 2025-10-27 10:41:21.714 UTC: 	 Executing command: 'status'
DEBUG 2025-10-27 10:41:21.714 UTC: 	 Found CRAB cache file /afs/cern.ch/user/a/anarzary/.crab3
ERROR 2025-10-27 10:41:21.714 UTC: 	 Error: Test_Run3_NCF_MC/crab_Test_Run3_NCF_MC is not a valid CRAB project directory.
ERROR 2025-10-27 10:41:21.714 UTC: 	 Caught ClientException exception
Traceback (most recent call last):
  File "/cvmfs/cms.cern.ch/share/cms/crab-prod/v3.250820.00/bin/crab.py", line 157, in <module>
    client()
  File "/cvmfs/cms.cern.ch/share/cms/crab-prod/v3.250820.00/bin/crab.py", line 135, in __call__
    self.cmd = sub_cmd(self.logger, args[1:])  # the crab command to be executed
  File "/cvmfs/cms.cern.ch/share/cms/crab-prod/v3.250820.00/lib/CRABClient/Commands/status.py", line 49, in __init__
    SubCommand.__init__(self, logger, cmdargs)
  File "/cvmfs/cms.cern.ch/share/cms/crab-prod/v3.250820.00/lib/CRABClient/Commands/SubCommand.py", line 281, in __init__
    SubCommand.validateOptions(self)
  File "/cvmfs/cms.cern.ch/share/cms/crab-prod/v3.250820.00/lib/CRABClient/Commands/SubCommand.py", line 691, in validateOptions
    raise ConfigurationException(msg)
CRABClient.ClientExceptions.ConfigurationException: [91mError[0m: Test_Run3_NCF_MC/crab_Test_Run3_NCF_MC is not a valid CRAB project directory.
INFO 2025-10-27 10:41:21.717 UTC: 	 Log file is /afs/cern.ch/user/a/anarzary/CMSSW_13_2_5_patch1/src/Analyzers/ChFluctuations/python/crab.log
